2019-06-07 02:53:00.198  INFO 21152 --- [restartedMain] com.xiaolin.blog.BlogApplication         : Starting BlogApplication on DESKTOP-A6G3VIO with PID 21152 (E:\Spring_blog\target\classes started by Think in E:\Spring_blog)
2019-06-07 02:53:00.201 DEBUG 21152 --- [restartedMain] com.xiaolin.blog.BlogApplication         : Running with Spring Boot v2.1.5.RELEASE, Spring v5.1.7.RELEASE
2019-06-07 02:53:00.204  INFO 21152 --- [restartedMain] com.xiaolin.blog.BlogApplication         : No active profile set, falling back to default profiles: default
2019-06-07 02:53:00.298  INFO 21152 --- [restartedMain] .e.DevToolsPropertyDefaultsPostProcessor : Devtools property defaults active! Set 'spring.devtools.add-properties' to 'false' to disable
2019-06-07 02:53:00.298  INFO 21152 --- [restartedMain] .e.DevToolsPropertyDefaultsPostProcessor : For additional web related logging consider setting the 'logging.level.web' property to 'DEBUG'
2019-06-07 02:53:02.293  INFO 21152 --- [restartedMain] .s.d.r.c.RepositoryConfigurationDelegate : Bootstrapping Spring Data repositories in DEFAULT mode.
2019-06-07 02:53:02.304  INFO 21152 --- [restartedMain] .s.d.r.c.RepositoryConfigurationDelegate : Finished Spring Data repository scanning in 11ms. Found 0 repository interfaces.
2019-06-07 02:53:02.643  INFO 21152 --- [restartedMain] trationDelegate$BeanPostProcessorChecker : Bean 'org.springframework.transaction.annotation.ProxyTransactionManagementConfiguration' of type [org.springframework.transaction.annotation.ProxyTransactionManagementConfiguration$$EnhancerBySpringCGLIB$$19cdeef3] is not eligible for getting processed by all BeanPostProcessors (for example: not eligible for auto-proxying)
2019-06-07 02:53:02.994  INFO 21152 --- [restartedMain] o.s.b.w.embedded.tomcat.TomcatWebServer  : Tomcat initialized with port(s): 8080 (http)
2019-06-07 02:53:03.023  INFO 21152 --- [restartedMain] o.apache.catalina.core.StandardService   : Starting service [Tomcat]
2019-06-07 02:53:03.023  INFO 21152 --- [restartedMain] org.apache.catalina.core.StandardEngine  : Starting Servlet engine: [Apache Tomcat/9.0.19]
2019-06-07 02:53:03.203  INFO 21152 --- [restartedMain] o.a.c.c.C.[Tomcat].[localhost].[/]       : Initializing Spring embedded WebApplicationContext
2019-06-07 02:53:03.203  INFO 21152 --- [restartedMain] o.s.web.context.ContextLoader            : Root WebApplicationContext: initialization completed in 2904 ms
2019-06-07 02:53:03.353  INFO 21152 --- [restartedMain] com.zaxxer.hikari.HikariDataSource       : HikariPool-1 - Starting...
2019-06-07 02:53:03.473  INFO 21152 --- [restartedMain] com.zaxxer.hikari.HikariDataSource       : HikariPool-1 - Start completed.
2019-06-07 02:53:03.523  INFO 21152 --- [restartedMain] o.hibernate.jpa.internal.util.LogHelper  : HHH000204: Processing PersistenceUnitInfo [
	name: default
	...]
2019-06-07 02:53:03.573  INFO 21152 --- [restartedMain] org.hibernate.Version                    : HHH000412: Hibernate Core {5.3.10.Final}
2019-06-07 02:53:03.573  INFO 21152 --- [restartedMain] org.hibernate.cfg.Environment            : HHH000206: hibernate.properties not found
2019-06-07 02:53:03.723  INFO 21152 --- [restartedMain] o.hibernate.annotations.common.Version   : HCANN000001: Hibernate Commons Annotations {5.0.4.Final}
2019-06-07 02:53:03.823  INFO 21152 --- [restartedMain] org.hibernate.dialect.Dialect            : HHH000400: Using dialect: org.hibernate.dialect.MySQL5InnoDBDialect
2019-06-07 02:53:04.063  INFO 21152 --- [restartedMain] j.LocalContainerEntityManagerFactoryBean : Initialized JPA EntityManagerFactory for persistence unit 'default'
2019-06-07 02:53:04.102  INFO 21152 --- [restartedMain] o.s.b.d.a.OptionalLiveReloadServer       : LiveReload server is running on port 35729
2019-06-07 02:53:04.295  INFO 21152 --- [restartedMain] o.s.s.concurrent.ThreadPoolTaskExecutor  : Initializing ExecutorService 'applicationTaskExecutor'
2019-06-07 02:53:04.333  WARN 21152 --- [restartedMain] aWebConfiguration$JpaWebMvcConfiguration : spring.jpa.open-in-view is enabled by default. Therefore, database queries may be performed during view rendering. Explicitly configure spring.jpa.open-in-view to disable this warning
2019-06-07 02:53:04.395  WARN 21152 --- [restartedMain] ion$DefaultTemplateResolverConfiguration : Cannot find template location: classpath:/templates/ (please add some templates or check your Thymeleaf configuration)
2019-06-07 02:53:04.533  INFO 21152 --- [restartedMain] o.s.b.w.embedded.tomcat.TomcatWebServer  : Tomcat started on port(s): 8080 (http) with context path ''
2019-06-07 02:53:04.533  INFO 21152 --- [restartedMain] com.xiaolin.blog.BlogApplication         : Started BlogApplication in 5.578 seconds (JVM running for 8.473)
2019-06-07 02:54:05.707  INFO 12796 --- [restartedMain] com.xiaolin.blog.BlogApplication         : Starting BlogApplication on DESKTOP-A6G3VIO with PID 12796 (E:\Spring_blog\target\classes started by Think in E:\Spring_blog)
2019-06-07 02:54:05.707 DEBUG 12796 --- [restartedMain] com.xiaolin.blog.BlogApplication         : Running with Spring Boot v2.1.5.RELEASE, Spring v5.1.7.RELEASE
2019-06-07 02:54:05.707  INFO 12796 --- [restartedMain] com.xiaolin.blog.BlogApplication         : No active profile set, falling back to default profiles: default
2019-06-07 02:54:05.770  INFO 12796 --- [restartedMain] .e.DevToolsPropertyDefaultsPostProcessor : Devtools property defaults active! Set 'spring.devtools.add-properties' to 'false' to disable
2019-06-07 02:54:05.770  INFO 12796 --- [restartedMain] .e.DevToolsPropertyDefaultsPostProcessor : For additional web related logging consider setting the 'logging.level.web' property to 'DEBUG'
2019-06-07 02:54:06.770  INFO 12796 --- [restartedMain] .s.d.r.c.RepositoryConfigurationDelegate : Bootstrapping Spring Data repositories in DEFAULT mode.
2019-06-07 02:54:06.785  INFO 12796 --- [restartedMain] .s.d.r.c.RepositoryConfigurationDelegate : Finished Spring Data repository scanning in 15ms. Found 0 repository interfaces.
2019-06-07 02:54:07.098  INFO 12796 --- [restartedMain] trationDelegate$BeanPostProcessorChecker : Bean 'org.springframework.transaction.annotation.ProxyTransactionManagementConfiguration' of type [org.springframework.transaction.annotation.ProxyTransactionManagementConfiguration$$EnhancerBySpringCGLIB$$de6ee215] is not eligible for getting processed by all BeanPostProcessors (for example: not eligible for auto-proxying)
2019-06-07 02:54:07.410  INFO 12796 --- [restartedMain] o.s.b.w.embedded.tomcat.TomcatWebServer  : Tomcat initialized with port(s): 8080 (http)
2019-06-07 02:54:07.441  INFO 12796 --- [restartedMain] o.apache.catalina.core.StandardService   : Starting service [Tomcat]
2019-06-07 02:54:07.441  INFO 12796 --- [restartedMain] org.apache.catalina.core.StandardEngine  : Starting Servlet engine: [Apache Tomcat/9.0.19]
2019-06-07 02:54:07.551  INFO 12796 --- [restartedMain] o.a.c.c.C.[Tomcat].[localhost].[/]       : Initializing Spring embedded WebApplicationContext
2019-06-07 02:54:07.551  INFO 12796 --- [restartedMain] o.s.web.context.ContextLoader            : Root WebApplicationContext: initialization completed in 1781 ms
2019-06-07 02:54:07.676  INFO 12796 --- [restartedMain] com.zaxxer.hikari.HikariDataSource       : HikariPool-1 - Starting...
2019-06-07 02:54:07.769  INFO 12796 --- [restartedMain] com.zaxxer.hikari.HikariDataSource       : HikariPool-1 - Start completed.
2019-06-07 02:54:07.801  INFO 12796 --- [restartedMain] o.hibernate.jpa.internal.util.LogHelper  : HHH000204: Processing PersistenceUnitInfo [
	name: default
	...]
2019-06-07 02:54:07.832  INFO 12796 --- [restartedMain] org.hibernate.Version                    : HHH000412: Hibernate Core {5.3.10.Final}
2019-06-07 02:54:07.832  INFO 12796 --- [restartedMain] org.hibernate.cfg.Environment            : HHH000206: hibernate.properties not found
2019-06-07 02:54:07.941  INFO 12796 --- [restartedMain] o.hibernate.annotations.common.Version   : HCANN000001: Hibernate Commons Annotations {5.0.4.Final}
2019-06-07 02:54:08.019  INFO 12796 --- [restartedMain] org.hibernate.dialect.Dialect            : HHH000400: Using dialect: org.hibernate.dialect.MySQL5InnoDBDialect
2019-06-07 02:54:08.176  INFO 12796 --- [restartedMain] j.LocalContainerEntityManagerFactoryBean : Initialized JPA EntityManagerFactory for persistence unit 'default'
2019-06-07 02:54:08.207  INFO 12796 --- [restartedMain] o.s.b.d.a.OptionalLiveReloadServer       : LiveReload server is running on port 35729
2019-06-07 02:54:08.475  INFO 12796 --- [restartedMain] o.s.s.concurrent.ThreadPoolTaskExecutor  : Initializing ExecutorService 'applicationTaskExecutor'
2019-06-07 02:54:08.533  WARN 12796 --- [restartedMain] aWebConfiguration$JpaWebMvcConfiguration : spring.jpa.open-in-view is enabled by default. Therefore, database queries may be performed during view rendering. Explicitly configure spring.jpa.open-in-view to disable this warning
2019-06-07 02:54:08.693  WARN 12796 --- [restartedMain] ion$DefaultTemplateResolverConfiguration : Cannot find template location: classpath:/templates/ (please add some templates or check your Thymeleaf configuration)
2019-06-07 02:54:08.880  INFO 12796 --- [restartedMain] o.s.b.w.embedded.tomcat.TomcatWebServer  : Tomcat started on port(s): 8080 (http) with context path ''
2019-06-07 02:54:08.880  INFO 12796 --- [restartedMain] com.xiaolin.blog.BlogApplication         : Started BlogApplication in 3.704 seconds (JVM running for 5.146)
2019-06-07 02:54:53.172  INFO 12796 --- [http-nio-8080-exec-1] o.a.c.c.C.[Tomcat].[localhost].[/]       : Initializing Spring DispatcherServlet 'dispatcherServlet'
2019-06-07 02:54:53.174  INFO 12796 --- [http-nio-8080-exec-1] o.s.web.servlet.DispatcherServlet        : Initializing Servlet 'dispatcherServlet'
2019-06-07 02:54:53.187  INFO 12796 --- [http-nio-8080-exec-1] o.s.web.servlet.DispatcherServlet        : Completed initialization in 13 ms
